This file contains any messages produced by compilers while
running configure, to aid debugging if configure makes a mistake.

It was created by univalue configure 1.0.2, which was
generated by GNU Autoconf 2.69.  Invocation command line was

  $ ./configure --disable-option-checking --prefix=/usr/local LDFLAGS=-L/usr/local/opt/berkeley-db@4/lib/ CPPFLAGS=-I/usr/local/opt/protobuf@2.6/include/ CPPFLAGS=-I/usr/local/opt/berkeley-db@4/include/ CXXFLAGS=-std=c++11 --with-boost-system=boost_system-mt --with-boost-filesystem=boost_filesystem-mt --with-boost-thread=boost_thread-mt --with-boost_program_options=boost_program_options-mt --with-boost_chrono=boost_chrono-mt --with-boost_random=boost_random-mt --disable-tests --disable-gui-tests --with-gui=qt5 PKG_CONFIG_PATH=/octoin/depends/x86_64-apple-darwin11/lib/pkgconfig --disable-shared --with-pic --with-bignum=no --enable-module-recovery --cache-file=/dev/null --srcdir=.

## --------- ##
## Platform. ##
## --------- ##

hostname = 192.168.1.103
uname -m = x86_64
uname -r = 16.7.0
uname -s = Darwin
uname -v = Darwin Kernel Version 16.7.0: Mon Nov 13 21:56:25 PST 2017; root:xnu-3789.72.11~1/RELEASE_X86_64

/usr/bin/uname -p = i386
/bin/uname -X     = unknown

/bin/arch              = unknown
/usr/bin/arch -k       = unknown
/usr/convex/getsysinfo = unknown
/usr/bin/hostinfo      = Mach kernel version:
	 Darwin Kernel Version 16.7.0: Mon Nov 13 21:56:25 PST 2017; root:xnu-3789.72.11~1/RELEASE_X86_64
Kernel configured for up to 8 processors.
4 processors are physically available.
8 processors are logically available.
Processor type: x86_64h (Intel x86-64h Haswell)
Processors active: 0 1 2 3 4 5 6 7
Primary memory available: 16.00 gigabytes
Default processor set: 501 tasks, 2302 threads, 8 processors
Load average: 2.76, Mach factor: 5.23
/bin/machine           = unknown
/usr/bin/oslevel       = unknown
/bin/universe          = unknown

PATH: /usr/local/opt/berkeley-db@4/bin
PATH: /Users/fish/.rbenv/shims
PATH: /Users/fish/.rvm/gems/ruby-2.4.0/bin
PATH: /Users/fish/.rvm/gems/ruby-2.4.0@global/bin
PATH: /Users/fish/.rvm/rubies/ruby-2.4.0/bin
PATH: /Users/fish/.nvm/versions/node/v7.7.3/bin
PATH: /opt/local/bin
PATH: /opt/local/sbin
PATH: /usr/local/bin
PATH: /usr/bin
PATH: /bin
PATH: /usr/sbin
PATH: /sbin
PATH: /opt/X11/bin
PATH: /Applications/Wireshark.app/Contents/MacOS
PATH: /Users/fish/maven/bin
PATH: /Users/fish/.go/bin
PATH: /usr/local/opt/go/libexec/bin
PATH: /Users/fish/.rvm/bin


## ----------- ##
## Core tests. ##
## ----------- ##

configure:2274: checking whether make supports nested variables
configure:2291: result: yes
configure:2353: checking for a BSD-compatible install
configure:2421: result: /usr/local/bin/ginstall -c
configure:2432: checking whether build environment is sane
configure:2487: result: yes
configure:2638: checking for a thread-safe mkdir -p
configure:2677: result: /usr/local/bin/gmkdir -p
configure:2684: checking for gawk
configure:2700: found /opt/local/bin/gawk
configure:2711: result: gawk
configure:2722: checking whether make sets $(MAKE)
configure:2744: result: yes
configure:2922: checking build system type
configure:2936: result: x86_64-apple-darwin16.7.0
configure:2956: checking host system type
configure:2969: result: x86_64-apple-darwin16.7.0
configure:3010: checking how to print strings
configure:3037: result: printf
configure:3070: checking for style of include used by make
configure:3098: result: GNU
configure:3169: checking for gcc
configure:3185: found /usr/bin/gcc
configure:3196: result: gcc
configure:3425: checking for C compiler version
configure:3434: gcc --version >&5
Apple LLVM version 8.0.0 (clang-800.0.42.1)
Target: x86_64-apple-darwin16.7.0
Thread model: posix
InstalledDir: /Applications/Xcode.app/Contents/Developer/Toolchains/XcodeDefault.xctoolchain/usr/bin
Configured with: --prefix=/Applications/Xcode.app/Contents/Developer/usr --with-gxx-include-dir=/usr/include/c++/4.2.1
configure:3445: $? = 0
configure:3434: gcc -v >&5
Configured with: --prefix=/Applications/Xcode.app/Contents/Developer/usr --with-gxx-include-dir=/usr/include/c++/4.2.1
Apple LLVM version 8.0.0 (clang-800.0.42.1)
Target: x86_64-apple-darwin16.7.0
Thread model: posix
InstalledDir: /Applications/Xcode.app/Contents/Developer/Toolchains/XcodeDefault.xctoolchain/usr/bin
configure:3445: $? = 0
configure:3434: gcc -V >&5
clang: error: argument to '-V' is missing (expected 1 value)
clang: error: no input files
configure:3445: $? = 1
configure:3434: gcc -qversion >&5
clang: error: unknown argument: '-qversion'
clang: error: no input files
configure:3445: $? = 1
configure:3465: checking whether the C compiler works
configure:3487: gcc  -I/usr/local/opt/berkeley-db@4/include/ -L/usr/local/opt/berkeley-db@4/lib/ conftest.c  >&5
configure:3491: $? = 0
configure:3539: result: yes
configure:3542: checking for C compiler default output file name
configure:3544: result: a.out
configure:3550: checking for suffix of executables
configure:3557: gcc -o conftest  -I/usr/local/opt/berkeley-db@4/include/ -L/usr/local/opt/berkeley-db@4/lib/ conftest.c  >&5
configure:3561: $? = 0
configure:3583: result: 
configure:3605: checking whether we are cross compiling
configure:3613: gcc -o conftest  -I/usr/local/opt/berkeley-db@4/include/ -L/usr/local/opt/berkeley-db@4/lib/ conftest.c  >&5
configure:3617: $? = 0
configure:3624: ./conftest
configure:3628: $? = 0
configure:3643: result: no
configure:3648: checking for suffix of object files
configure:3670: gcc -c  -I/usr/local/opt/berkeley-db@4/include/ conftest.c >&5
configure:3674: $? = 0
configure:3695: result: o
configure:3699: checking whether we are using the GNU C compiler
configure:3718: gcc -c  -I/usr/local/opt/berkeley-db@4/include/ conftest.c >&5
configure:3718: $? = 0
configure:3727: result: yes
configure:3736: checking whether gcc accepts -g
configure:3756: gcc -c -g -I/usr/local/opt/berkeley-db@4/include/ conftest.c >&5
configure:3756: $? = 0
configure:3797: result: yes
configure:3814: checking for gcc option to accept ISO C89
configure:3877: gcc  -c -g -O2 -I/usr/local/opt/berkeley-db@4/include/ conftest.c >&5
configure:3877: $? = 0
configure:3890: result: none needed
configure:3915: checking whether gcc understands -c and -o together
configure:3937: gcc -c conftest.c -o conftest2.o
configure:3940: $? = 0
configure:3937: gcc -c conftest.c -o conftest2.o
configure:3940: $? = 0
configure:3952: result: yes
configure:3971: checking dependency style of gcc
configure:4082: result: gcc3
configure:4097: checking for a sed that does not truncate output
configure:4161: result: /usr/bin/sed
configure:4179: checking for grep that handles long lines and -e
configure:4237: result: /usr/bin/grep
configure:4242: checking for egrep
configure:4304: result: /usr/bin/grep -E
configure:4309: checking for fgrep
configure:4371: result: /usr/bin/grep -F
configure:4406: checking for ld used by gcc
configure:4473: result: /Applications/Xcode.app/Contents/Developer/Toolchains/XcodeDefault.xctoolchain/usr/bin/ld
configure:4480: checking if the linker (/Applications/Xcode.app/Contents/Developer/Toolchains/XcodeDefault.xctoolchain/usr/bin/ld) is GNU ld
configure:4495: result: no
configure:4507: checking for BSD- or MS-compatible name lister (nm)
configure:4561: result: /usr/bin/nm -B
configure:4691: checking the name lister (/usr/bin/nm -B) interface
configure:4698: gcc -c -g -O2 -I/usr/local/opt/berkeley-db@4/include/ conftest.c >&5
configure:4701: /usr/bin/nm -B "conftest.o"
configure:4704: output
000000000000020c S _some_variable
configure:4711: result: BSD nm
configure:4714: checking whether ln -s works
configure:4718: result: yes
configure:4726: checking the maximum length of command line arguments
configure:4857: result: 196608
configure:4905: checking how to convert x86_64-apple-darwin16.7.0 file names to x86_64-apple-darwin16.7.0 format
configure:4945: result: func_convert_file_noop
configure:4952: checking how to convert x86_64-apple-darwin16.7.0 file names to toolchain format
configure:4972: result: func_convert_file_noop
configure:4979: checking for /Applications/Xcode.app/Contents/Developer/Toolchains/XcodeDefault.xctoolchain/usr/bin/ld option to reload object files
configure:4986: result: -r
configure:5060: checking for objdump
configure:5076: found /usr/bin/objdump
configure:5087: result: objdump
configure:5119: checking how to recognize dependent libraries
configure:5319: result: pass_all
configure:5404: checking for dlltool
configure:5434: result: no
configure:5464: checking how to associate runtime and link libraries
configure:5491: result: printf %s\n
configure:5552: checking for ar
configure:5568: found /usr/bin/ar
configure:5579: result: ar
configure:5616: checking for archiver @FILE support
configure:5633: gcc -c -g -O2 -I/usr/local/opt/berkeley-db@4/include/ conftest.c >&5
configure:5633: $? = 0
configure:5636: ar cru libconftest.a @conftest.lst >&5
ar: @conftest.lst: No such file or directory
configure:5639: $? = 1
configure:5659: result: no
configure:5717: checking for strip
configure:5733: found /usr/bin/strip
configure:5744: result: strip
configure:5816: checking for ranlib
configure:5832: found /usr/bin/ranlib
configure:5843: result: ranlib
configure:5945: checking command to parse /usr/bin/nm -B output from gcc object
configure:6098: gcc -c -g -O2 -I/usr/local/opt/berkeley-db@4/include/ conftest.c >&5
configure:6101: $? = 0
configure:6105: /usr/bin/nm -B conftest.o \| sed -n -e 's/^.*[ ]\([BCDEGRST][BCDEGRST]*\)[ ][ ]*\([_A-Za-z][_A-Za-z0-9]*\)$/\1 \2 \2/p' | sed '/ __gnu_lto/d' \> conftest.nm
configure:6108: $? = 0
cannot find nm_test_var in conftest.nm
configure:6098: gcc -c -g -O2 -I/usr/local/opt/berkeley-db@4/include/ conftest.c >&5
configure:6101: $? = 0
configure:6105: /usr/bin/nm -B conftest.o \| sed -n -e 's/^.*[ ]\([BCDEGRST][BCDEGRST]*\)[ ][ ]*_\([_A-Za-z][_A-Za-z0-9]*\)$/\1 _\2 \2/p' | sed '/ __gnu_lto/d' \> conftest.nm
configure:6108: $? = 0
configure:6174: gcc -o conftest -g -O2 -I/usr/local/opt/berkeley-db@4/include/ -L/usr/local/opt/berkeley-db@4/lib/ conftest.c conftstm.o >&5
warning: (x86_64)  could not find object file symbol for symbol _main
configure:6177: $? = 0
configure:6215: result: ok
configure:6262: checking for sysroot
configure:6292: result: no
configure:6299: checking for a working dd
configure:6337: result: /bin/dd
configure:6341: checking how to truncate binary pipes
configure:6356: result: /bin/dd bs=4096 count=1
configure:6685: checking for mt
configure:6715: result: no
configure:6735: checking if : is a manifest tool
configure:6741: : '-?'
configure:6749: result: no
configure:6805: checking for dsymutil
configure:6821: found /usr/bin/dsymutil
configure:6832: result: dsymutil
configure:6897: checking for nmedit
configure:6913: found /usr/bin/nmedit
configure:6924: result: nmedit
configure:6989: checking for lipo
configure:7005: found /usr/bin/lipo
configure:7016: result: lipo
configure:7081: checking for otool
configure:7097: found /usr/bin/otool
configure:7108: result: otool
configure:7173: checking for otool64
configure:7203: result: no
configure:7248: checking for -single_module linker flag
gcc -g -O2 -L/usr/local/opt/berkeley-db@4/lib/ -o libconftest.dylib -dynamiclib -Wl,-single_module conftest.c
configure:7281: result: yes
configure:7284: checking for -exported_symbols_list linker flag
configure:7304: gcc -o conftest -g -O2 -I/usr/local/opt/berkeley-db@4/include/ -L/usr/local/opt/berkeley-db@4/lib/ -Wl,-exported_symbols_list,conftest.sym conftest.c  >&5
configure:7304: $? = 0
configure:7314: result: yes
configure:7317: checking for -force_load linker flag
gcc -g -O2 -c -o conftest.o conftest.c
ar cru libconftest.a conftest.o
ranlib libconftest.a
gcc -g -O2 -L/usr/local/opt/berkeley-db@4/lib/ -o conftest conftest.c -Wl,-force_load,./libconftest.a
configure:7349: result: yes
configure:7426: checking how to run the C preprocessor
configure:7457: gcc -E -I/usr/local/opt/berkeley-db@4/include/ conftest.c
configure:7457: $? = 0
configure:7471: gcc -E -I/usr/local/opt/berkeley-db@4/include/ conftest.c
conftest.c:11:10: fatal error: 'ac_nonexistent.h' file not found
#include <ac_nonexistent.h>
         ^
1 error generated.
configure:7471: $? = 1
configure: failed program was:
| /* confdefs.h */
| #define PACKAGE_NAME "univalue"
| #define PACKAGE_TARNAME "univalue"
| #define PACKAGE_VERSION "1.0.2"
| #define PACKAGE_STRING "univalue 1.0.2"
| #define PACKAGE_BUGREPORT "http://github.com/jgarzik/univalue/"
| #define PACKAGE_URL ""
| #define PACKAGE "univalue"
| #define VERSION "1.0.2"
| /* end confdefs.h.  */
| #include <ac_nonexistent.h>
configure:7496: result: gcc -E
configure:7516: gcc -E -I/usr/local/opt/berkeley-db@4/include/ conftest.c
configure:7516: $? = 0
configure:7530: gcc -E -I/usr/local/opt/berkeley-db@4/include/ conftest.c
conftest.c:11:10: fatal error: 'ac_nonexistent.h' file not found
#include <ac_nonexistent.h>
         ^
1 error generated.
configure:7530: $? = 1
configure: failed program was:
| /* confdefs.h */
| #define PACKAGE_NAME "univalue"
| #define PACKAGE_TARNAME "univalue"
| #define PACKAGE_VERSION "1.0.2"
| #define PACKAGE_STRING "univalue 1.0.2"
| #define PACKAGE_BUGREPORT "http://github.com/jgarzik/univalue/"
| #define PACKAGE_URL ""
| #define PACKAGE "univalue"
| #define VERSION "1.0.2"
| /* end confdefs.h.  */
| #include <ac_nonexistent.h>
configure:7559: checking for ANSI C header files
configure:7579: gcc -c -g -O2 -I/usr/local/opt/berkeley-db@4/include/ conftest.c >&5
configure:7579: $? = 0
configure:7652: gcc -o conftest -g -O2 -I/usr/local/opt/berkeley-db@4/include/ -L/usr/local/opt/berkeley-db@4/lib/ conftest.c  >&5
configure:7652: $? = 0
configure:7652: ./conftest
configure:7652: $? = 0
configure:7663: result: yes
configure:7676: checking for sys/types.h
configure:7676: gcc -c -g -O2 -I/usr/local/opt/berkeley-db@4/include/ conftest.c >&5
configure:7676: $? = 0
configure:7676: result: yes
configure:7676: checking for sys/stat.h
configure:7676: gcc -c -g -O2 -I/usr/local/opt/berkeley-db@4/include/ conftest.c >&5
configure:7676: $? = 0
configure:7676: result: yes
configure:7676: checking for stdlib.h
configure:7676: gcc -c -g -O2 -I/usr/local/opt/berkeley-db@4/include/ conftest.c >&5
configure:7676: $? = 0
configure:7676: result: yes
configure:7676: checking for string.h
configure:7676: gcc -c -g -O2 -I/usr/local/opt/berkeley-db@4/include/ conftest.c >&5
configure:7676: $? = 0
configure:7676: result: yes
configure:7676: checking for memory.h
configure:7676: gcc -c -g -O2 -I/usr/local/opt/berkeley-db@4/include/ conftest.c >&5
configure:7676: $? = 0
configure:7676: result: yes
configure:7676: checking for strings.h
configure:7676: gcc -c -g -O2 -I/usr/local/opt/berkeley-db@4/include/ conftest.c >&5
configure:7676: $? = 0
configure:7676: result: yes
configure:7676: checking for inttypes.h
configure:7676: gcc -c -g -O2 -I/usr/local/opt/berkeley-db@4/include/ conftest.c >&5
configure:7676: $? = 0
configure:7676: result: yes
configure:7676: checking for stdint.h
configure:7676: gcc -c -g -O2 -I/usr/local/opt/berkeley-db@4/include/ conftest.c >&5
configure:7676: $? = 0
configure:7676: result: yes
configure:7676: checking for unistd.h
configure:7676: gcc -c -g -O2 -I/usr/local/opt/berkeley-db@4/include/ conftest.c >&5
configure:7676: $? = 0
configure:7676: result: yes
configure:7690: checking for dlfcn.h
configure:7690: gcc -c -g -O2 -I/usr/local/opt/berkeley-db@4/include/ conftest.c >&5
configure:7690: $? = 0
configure:7690: result: yes
configure:7946: checking for objdir
configure:7961: result: .libs
configure:8225: checking if gcc supports -fno-rtti -fno-exceptions
configure:8243: gcc -c -g -O2 -I/usr/local/opt/berkeley-db@4/include/ -fno-rtti -fno-exceptions conftest.c >&5
configure:8247: $? = 0
configure:8260: result: yes
configure:8618: checking for gcc option to produce PIC
configure:8625: result: -fno-common -DPIC
configure:8633: checking if gcc PIC flag -fno-common -DPIC works
configure:8651: gcc -c -g -O2 -I/usr/local/opt/berkeley-db@4/include/ -fno-common -DPIC -DPIC conftest.c >&5
configure:8655: $? = 0
configure:8668: result: yes
configure:8697: checking if gcc static flag -static works
configure:8725: result: no
configure:8740: checking if gcc supports -c -o file.o
configure:8761: gcc -c -g -O2 -I/usr/local/opt/berkeley-db@4/include/ -o out/conftest2.o conftest.c >&5
configure:8765: $? = 0
configure:8787: result: yes
configure:8795: checking if gcc supports -c -o file.o
configure:8842: result: yes
configure:8875: checking whether the gcc linker (/Applications/Xcode.app/Contents/Developer/Toolchains/XcodeDefault.xctoolchain/usr/bin/ld) supports shared libraries
configure:10134: result: yes
configure:10374: checking dynamic linker characteristics
configure:11192: result: darwin16.7.0 dyld
configure:11314: checking how to hardcode library paths into programs
configure:11339: result: immediate
configure:11887: checking whether stripping libraries is possible
configure:11901: result: yes
configure:11927: checking if libtool supports shared libraries
configure:11929: result: yes
configure:11932: checking whether to build shared libraries
configure:11957: result: no
configure:11960: checking whether to build static libraries
configure:11964: result: yes
configure:12059: checking for g++
configure:12075: found /usr/bin/g++
configure:12086: result: g++
configure:12113: checking for C++ compiler version
configure:12122: g++ --version >&5
Apple LLVM version 8.0.0 (clang-800.0.42.1)
Target: x86_64-apple-darwin16.7.0
Thread model: posix
InstalledDir: /Applications/Xcode.app/Contents/Developer/Toolchains/XcodeDefault.xctoolchain/usr/bin
Configured with: --prefix=/Applications/Xcode.app/Contents/Developer/usr --with-gxx-include-dir=/usr/include/c++/4.2.1
configure:12133: $? = 0
configure:12122: g++ -v >&5
Configured with: --prefix=/Applications/Xcode.app/Contents/Developer/usr --with-gxx-include-dir=/usr/include/c++/4.2.1
Apple LLVM version 8.0.0 (clang-800.0.42.1)
Target: x86_64-apple-darwin16.7.0
Thread model: posix
InstalledDir: /Applications/Xcode.app/Contents/Developer/Toolchains/XcodeDefault.xctoolchain/usr/bin
configure:12133: $? = 0
configure:12122: g++ -V >&5
clang: error: argument to '-V' is missing (expected 1 value)
clang: error: no input files
configure:12133: $? = 1
configure:12122: g++ -qversion >&5
clang: error: unknown argument: '-qversion'
clang: error: no input files
configure:12133: $? = 1
configure:12137: checking whether we are using the GNU C++ compiler
configure:12156: g++ -c -std=c++11 -I/usr/local/opt/berkeley-db@4/include/ conftest.cpp >&5
configure:12156: $? = 0
configure:12165: result: yes
configure:12174: checking whether g++ accepts -g
configure:12194: g++ -c -g -I/usr/local/opt/berkeley-db@4/include/ conftest.cpp >&5
configure:12194: $? = 0
configure:12235: result: yes
configure:12260: checking dependency style of g++
configure:12371: result: gcc3
configure:12405: checking how to run the C++ preprocessor
configure:12432: g++ -E -I/usr/local/opt/berkeley-db@4/include/ conftest.cpp
configure:12432: $? = 0
configure:12446: g++ -E -I/usr/local/opt/berkeley-db@4/include/ conftest.cpp
conftest.cpp:23:10: fatal error: 'ac_nonexistent.h' file not found
#include <ac_nonexistent.h>
         ^
1 error generated.
configure:12446: $? = 1
configure: failed program was:
| /* confdefs.h */
| #define PACKAGE_NAME "univalue"
| #define PACKAGE_TARNAME "univalue"
| #define PACKAGE_VERSION "1.0.2"
| #define PACKAGE_STRING "univalue 1.0.2"
| #define PACKAGE_BUGREPORT "http://github.com/jgarzik/univalue/"
| #define PACKAGE_URL ""
| #define PACKAGE "univalue"
| #define VERSION "1.0.2"
| #define STDC_HEADERS 1
| #define HAVE_SYS_TYPES_H 1
| #define HAVE_SYS_STAT_H 1
| #define HAVE_STDLIB_H 1
| #define HAVE_STRING_H 1
| #define HAVE_MEMORY_H 1
| #define HAVE_STRINGS_H 1
| #define HAVE_INTTYPES_H 1
| #define HAVE_STDINT_H 1
| #define HAVE_UNISTD_H 1
| #define HAVE_DLFCN_H 1
| #define LT_OBJDIR ".libs/"
| /* end confdefs.h.  */
| #include <ac_nonexistent.h>
configure:12471: result: g++ -E
configure:12491: g++ -E -I/usr/local/opt/berkeley-db@4/include/ conftest.cpp
configure:12491: $? = 0
configure:12505: g++ -E -I/usr/local/opt/berkeley-db@4/include/ conftest.cpp
conftest.cpp:23:10: fatal error: 'ac_nonexistent.h' file not found
#include <ac_nonexistent.h>
         ^
1 error generated.
configure:12505: $? = 1
configure: failed program was:
| /* confdefs.h */
| #define PACKAGE_NAME "univalue"
| #define PACKAGE_TARNAME "univalue"
| #define PACKAGE_VERSION "1.0.2"
| #define PACKAGE_STRING "univalue 1.0.2"
| #define PACKAGE_BUGREPORT "http://github.com/jgarzik/univalue/"
| #define PACKAGE_URL ""
| #define PACKAGE "univalue"
| #define VERSION "1.0.2"
| #define STDC_HEADERS 1
| #define HAVE_SYS_TYPES_H 1
| #define HAVE_SYS_STAT_H 1
| #define HAVE_STDLIB_H 1
| #define HAVE_STRING_H 1
| #define HAVE_MEMORY_H 1
| #define HAVE_STRINGS_H 1
| #define HAVE_INTTYPES_H 1
| #define HAVE_STDINT_H 1
| #define HAVE_UNISTD_H 1
| #define HAVE_DLFCN_H 1
| #define LT_OBJDIR ".libs/"
| /* end confdefs.h.  */
| #include <ac_nonexistent.h>
configure:12667: checking for ld used by g++
configure:12734: result: /Applications/Xcode.app/Contents/Developer/Toolchains/XcodeDefault.xctoolchain/usr/bin/ld
configure:12741: checking if the linker (/Applications/Xcode.app/Contents/Developer/Toolchains/XcodeDefault.xctoolchain/usr/bin/ld) is GNU ld
configure:12756: result: no
configure:12811: checking whether the g++ linker (/Applications/Xcode.app/Contents/Developer/Toolchains/XcodeDefault.xctoolchain/usr/bin/ld) supports shared libraries
configure:13884: result: yes
configure:13920: g++ -c -std=c++11 -I/usr/local/opt/berkeley-db@4/include/ conftest.cpp >&5
configure:13923: $? = 0
configure:14404: checking for g++ option to produce PIC
configure:14411: result: -fno-common -DPIC
configure:14419: checking if g++ PIC flag -fno-common -DPIC works
configure:14437: g++ -c -std=c++11 -I/usr/local/opt/berkeley-db@4/include/ -fno-common -DPIC -DPIC conftest.cpp >&5
configure:14441: $? = 0
configure:14454: result: yes
configure:14477: checking if g++ static flag -static works
configure:14505: result: no
configure:14517: checking if g++ supports -c -o file.o
configure:14538: g++ -c -std=c++11 -I/usr/local/opt/berkeley-db@4/include/ -o out/conftest2.o conftest.cpp >&5
configure:14542: $? = 0
configure:14564: result: yes
configure:14569: checking if g++ supports -c -o file.o
configure:14616: result: yes
configure:14646: checking whether the g++ linker (/Applications/Xcode.app/Contents/Developer/Toolchains/XcodeDefault.xctoolchain/usr/bin/ld) supports shared libraries
configure:14686: result: yes
configure:14827: checking dynamic linker characteristics
configure:15572: result: darwin16.7.0 dyld
configure:15637: checking how to hardcode library paths into programs
configure:15662: result: immediate
configure:15830: checking that generated files are newer than configure
configure:15836: result: done
configure:15863: creating ./config.status

## ---------------------- ##
## Running config.status. ##
## ---------------------- ##

This file was extended by univalue config.status 1.0.2, which was
generated by GNU Autoconf 2.69.  Invocation command line was

  CONFIG_FILES    = 
  CONFIG_HEADERS  = 
  CONFIG_LINKS    = 
  CONFIG_COMMANDS = 
  $ ./config.status 

on 192.168.1.103

config.status:1150: creating Makefile
config.status:1150: creating pc/libunivalue.pc
config.status:1150: creating pc/libunivalue-uninstalled.pc
config.status:1150: creating univalue-config.h
config.status:1331: univalue-config.h is unchanged
config.status:1379: executing depfiles commands
config.status:1379: executing libtool commands

## ---------------- ##
## Cache variables. ##
## ---------------- ##

ac_cv_build=x86_64-apple-darwin16.7.0
ac_cv_c_compiler_gnu=yes
ac_cv_cxx_compiler_gnu=yes
ac_cv_env_CCC_set=
ac_cv_env_CCC_value=
ac_cv_env_CC_set=
ac_cv_env_CC_value=
ac_cv_env_CFLAGS_set=
ac_cv_env_CFLAGS_value=
ac_cv_env_CPPFLAGS_set=set
ac_cv_env_CPPFLAGS_value=-I/usr/local/opt/berkeley-db@4/include/
ac_cv_env_CPP_set=
ac_cv_env_CPP_value=
ac_cv_env_CXXCPP_set=
ac_cv_env_CXXCPP_value=
ac_cv_env_CXXFLAGS_set=set
ac_cv_env_CXXFLAGS_value=-std=c++11
ac_cv_env_CXX_set=
ac_cv_env_CXX_value=
ac_cv_env_LDFLAGS_set=set
ac_cv_env_LDFLAGS_value=-L/usr/local/opt/berkeley-db@4/lib/
ac_cv_env_LIBS_set=
ac_cv_env_LIBS_value=
ac_cv_env_LT_SYS_LIBRARY_PATH_set=
ac_cv_env_LT_SYS_LIBRARY_PATH_value=
ac_cv_env_build_alias_set=
ac_cv_env_build_alias_value=
ac_cv_env_host_alias_set=
ac_cv_env_host_alias_value=
ac_cv_env_target_alias_set=
ac_cv_env_target_alias_value=
ac_cv_header_dlfcn_h=yes
ac_cv_header_inttypes_h=yes
ac_cv_header_memory_h=yes
ac_cv_header_stdc=yes
ac_cv_header_stdint_h=yes
ac_cv_header_stdlib_h=yes
ac_cv_header_string_h=yes
ac_cv_header_strings_h=yes
ac_cv_header_sys_stat_h=yes
ac_cv_header_sys_types_h=yes
ac_cv_header_unistd_h=yes
ac_cv_host=x86_64-apple-darwin16.7.0
ac_cv_objext=o
ac_cv_path_EGREP='/usr/bin/grep -E'
ac_cv_path_FGREP='/usr/bin/grep -F'
ac_cv_path_GREP=/usr/bin/grep
ac_cv_path_SED=/usr/bin/sed
ac_cv_path_install='/usr/local/bin/ginstall -c'
ac_cv_path_lt_DD=/bin/dd
ac_cv_path_mkdir=/usr/local/bin/gmkdir
ac_cv_prog_AWK=gawk
ac_cv_prog_CPP='gcc -E'
ac_cv_prog_CXXCPP='g++ -E'
ac_cv_prog_ac_ct_AR=ar
ac_cv_prog_ac_ct_CC=gcc
ac_cv_prog_ac_ct_CXX=g++
ac_cv_prog_ac_ct_DSYMUTIL=dsymutil
ac_cv_prog_ac_ct_LIPO=lipo
ac_cv_prog_ac_ct_NMEDIT=nmedit
ac_cv_prog_ac_ct_OBJDUMP=objdump
ac_cv_prog_ac_ct_OTOOL=otool
ac_cv_prog_ac_ct_RANLIB=ranlib
ac_cv_prog_ac_ct_STRIP=strip
ac_cv_prog_cc_c89=
ac_cv_prog_cc_g=yes
ac_cv_prog_cxx_g=yes
ac_cv_prog_make_make_set=yes
am_cv_CC_dependencies_compiler_type=gcc3
am_cv_CXX_dependencies_compiler_type=gcc3
am_cv_make_support_nested_variables=yes
am_cv_prog_cc_c_o=yes
lt_cv_apple_cc_single_mod=yes
lt_cv_ar_at_file=no
lt_cv_deplibs_check_method=pass_all
lt_cv_file_magic_cmd='$MAGIC_CMD'
lt_cv_file_magic_test_file=
lt_cv_ld_exported_symbols_list=yes
lt_cv_ld_force_load=yes
lt_cv_ld_reload_flag=-r
lt_cv_nm_interface='BSD nm'
lt_cv_objdir=.libs
lt_cv_path_LD=/Applications/Xcode.app/Contents/Developer/Toolchains/XcodeDefault.xctoolchain/usr/bin/ld
lt_cv_path_LDCXX=/Applications/Xcode.app/Contents/Developer/Toolchains/XcodeDefault.xctoolchain/usr/bin/ld
lt_cv_path_NM='/usr/bin/nm -B'
lt_cv_path_mainfest_tool=no
lt_cv_prog_compiler_c_o=yes
lt_cv_prog_compiler_c_o_CXX=yes
lt_cv_prog_compiler_pic='-fno-common -DPIC'
lt_cv_prog_compiler_pic_CXX='-fno-common -DPIC'
lt_cv_prog_compiler_pic_works=yes
lt_cv_prog_compiler_pic_works_CXX=yes
lt_cv_prog_compiler_rtti_exceptions=yes
lt_cv_prog_compiler_static_works=no
lt_cv_prog_compiler_static_works_CXX=no
lt_cv_prog_gnu_ld=no
lt_cv_prog_gnu_ldcxx=no
lt_cv_sharedlib_from_linklib_cmd='printf %s\n'
lt_cv_sys_global_symbol_pipe='sed -n -e '\''s/^.*[	 ]\([BCDEGRST][BCDEGRST]*\)[	 ][	 ]*_\([_A-Za-z][_A-Za-z0-9]*\)$/\1 _\2 \2/p'\'' | sed '\''/ __gnu_lto/d'\'''
lt_cv_sys_global_symbol_to_c_name_address='sed -n -e '\''s/^: \(.*\) .*$/  {"\1", (void *) 0},/p'\'' -e '\''s/^[BCDEGRST][BCDEGRST]* .* \(.*\)$/  {"\1", (void *) \&\1},/p'\'''
lt_cv_sys_global_symbol_to_c_name_address_lib_prefix='sed -n -e '\''s/^: \(.*\) .*$/  {"\1", (void *) 0},/p'\'' -e '\''s/^[BCDEGRST][BCDEGRST]* .* \(lib.*\)$/  {"\1", (void *) \&\1},/p'\'' -e '\''s/^[BCDEGRST][BCDEGRST]* .* \(.*\)$/  {"lib\1", (void *) \&\1},/p'\'''
lt_cv_sys_global_symbol_to_cdecl='sed -n -e '\''s/^T .* \(.*\)$/extern int \1();/p'\'' -e '\''s/^[BCDEGRST][BCDEGRST]* .* \(.*\)$/extern char \1;/p'\'''
lt_cv_sys_global_symbol_to_import=
lt_cv_sys_max_cmd_len=196608
lt_cv_to_host_file_cmd=func_convert_file_noop
lt_cv_to_tool_file_cmd=func_convert_file_noop
lt_cv_truncate_bin='/bin/dd bs=4096 count=1'

## ----------------- ##
## Output variables. ##
## ----------------- ##

ACLOCAL='${SHELL} /Users/fish/Projects/octoin/build_osx/octoin/src/univalue/build-aux/missing aclocal-1.15'
AMDEPBACKSLASH='\'
AMDEP_FALSE='#'
AMDEP_TRUE=''
AMTAR='$${TAR-tar}'
AM_BACKSLASH='\'
AM_DEFAULT_V='$(AM_DEFAULT_VERBOSITY)'
AM_DEFAULT_VERBOSITY='0'
AM_V='$(V)'
AR='ar'
AUTOCONF='${SHELL} /Users/fish/Projects/octoin/build_osx/octoin/src/univalue/build-aux/missing autoconf'
AUTOHEADER='${SHELL} /Users/fish/Projects/octoin/build_osx/octoin/src/univalue/build-aux/missing autoheader'
AUTOMAKE='${SHELL} /Users/fish/Projects/octoin/build_osx/octoin/src/univalue/build-aux/missing automake-1.15'
AWK='gawk'
BUILD_EXEEXT=''
CC='gcc'
CCDEPMODE='depmode=gcc3'
CFLAGS='-g -O2'
CPP='gcc -E'
CPPFLAGS='-I/usr/local/opt/berkeley-db@4/include/'
CXX='g++'
CXXCPP='g++ -E'
CXXDEPMODE='depmode=gcc3'
CXXFLAGS='-std=c++11'
CYGPATH_W='echo'
DEFS='-DHAVE_CONFIG_H'
DEPDIR='.deps'
DLLTOOL='false'
DSYMUTIL='dsymutil'
DUMPBIN=''
ECHO_C='\c'
ECHO_N=''
ECHO_T=''
EGREP='/usr/bin/grep -E'
EXEEXT=''
FGREP='/usr/bin/grep -F'
GREP='/usr/bin/grep'
INSTALL_DATA='${INSTALL} -m 644'
INSTALL_PROGRAM='${INSTALL}'
INSTALL_SCRIPT='${INSTALL}'
INSTALL_STRIP_PROGRAM='$(install_sh) -c -s'
LD='/Applications/Xcode.app/Contents/Developer/Toolchains/XcodeDefault.xctoolchain/usr/bin/ld'
LDFLAGS='-L/usr/local/opt/berkeley-db@4/lib/'
LIBOBJS=''
LIBS=''
LIBTOOL='$(SHELL) $(top_builddir)/libtool'
LIBTOOL_APP_LDFLAGS=''
LIBUNIVALUE_AGE='100'
LIBUNIVALUE_CURRENT='100'
LIBUNIVALUE_REVISION='2'
LIPO='lipo'
LN_S='ln -s'
LTLIBOBJS=''
LT_SYS_LIBRARY_PATH=''
MAKEINFO='${SHELL} /Users/fish/Projects/octoin/build_osx/octoin/src/univalue/build-aux/missing makeinfo'
MANIFEST_TOOL=':'
MKDIR_P='/usr/local/bin/gmkdir -p'
NM='/usr/bin/nm -B'
NMEDIT='nmedit'
OBJDUMP='objdump'
OBJEXT='o'
OTOOL64=':'
OTOOL='otool'
PACKAGE='univalue'
PACKAGE_BUGREPORT='http://github.com/jgarzik/univalue/'
PACKAGE_NAME='univalue'
PACKAGE_STRING='univalue 1.0.2'
PACKAGE_TARNAME='univalue'
PACKAGE_URL=''
PACKAGE_VERSION='1.0.2'
PATH_SEPARATOR=':'
RANLIB='ranlib'
SED='/usr/bin/sed'
SET_MAKE=''
SHELL='/bin/sh'
STRIP='strip'
VERSION='1.0.2'
ac_ct_AR='ar'
ac_ct_CC='gcc'
ac_ct_CXX='g++'
ac_ct_DUMPBIN=''
am__EXEEXT_FALSE=''
am__EXEEXT_TRUE='#'
am__fastdepCC_FALSE='#'
am__fastdepCC_TRUE=''
am__fastdepCXX_FALSE='#'
am__fastdepCXX_TRUE=''
am__include='include'
am__isrc=''
am__leading_dot='.'
am__nodep='_no'
am__quote=''
am__tar='$${TAR-tar} chof - "$$tardir"'
am__untar='$${TAR-tar} xf -'
bindir='${exec_prefix}/bin'
build='x86_64-apple-darwin16.7.0'
build_alias=''
build_cpu='x86_64'
build_os='darwin16.7.0'
build_vendor='apple'
datadir='${datarootdir}'
datarootdir='${prefix}/share'
docdir='${datarootdir}/doc/${PACKAGE_TARNAME}'
dvidir='${docdir}'
exec_prefix='${prefix}'
host='x86_64-apple-darwin16.7.0'
host_alias=''
host_cpu='x86_64'
host_os='darwin16.7.0'
host_vendor='apple'
htmldir='${docdir}'
includedir='${prefix}/include'
infodir='${datarootdir}/info'
install_sh='${SHELL} /Users/fish/Projects/octoin/build_osx/octoin/src/univalue/build-aux/install-sh'
libdir='${exec_prefix}/lib'
libexecdir='${exec_prefix}/libexec'
localedir='${datarootdir}/locale'
localstatedir='${prefix}/var'
mandir='${datarootdir}/man'
mkdir_p='$(MKDIR_P)'
oldincludedir='/usr/include'
pdfdir='${docdir}'
prefix='/usr/local'
program_transform_name='s,x,x,'
psdir='${docdir}'
sbindir='${exec_prefix}/sbin'
sharedstatedir='${prefix}/com'
sysconfdir='${prefix}/etc'
target_alias=''

## ----------- ##
## confdefs.h. ##
## ----------- ##

/* confdefs.h */
#define PACKAGE_NAME "univalue"
#define PACKAGE_TARNAME "univalue"
#define PACKAGE_VERSION "1.0.2"
#define PACKAGE_STRING "univalue 1.0.2"
#define PACKAGE_BUGREPORT "http://github.com/jgarzik/univalue/"
#define PACKAGE_URL ""
#define PACKAGE "univalue"
#define VERSION "1.0.2"
#define STDC_HEADERS 1
#define HAVE_SYS_TYPES_H 1
#define HAVE_SYS_STAT_H 1
#define HAVE_STDLIB_H 1
#define HAVE_STRING_H 1
#define HAVE_MEMORY_H 1
#define HAVE_STRINGS_H 1
#define HAVE_INTTYPES_H 1
#define HAVE_STDINT_H 1
#define HAVE_UNISTD_H 1
#define HAVE_DLFCN_H 1
#define LT_OBJDIR ".libs/"

configure: exit 0
