This file contains any messages produced by compilers while
running configure, to aid debugging if configure makes a mistake.

It was created by libsecp256k1 configure 0.1, which was
generated by GNU Autoconf 2.69.  Invocation command line was

  $ ./configure --disable-option-checking --prefix=/usr/local LDFLAGS=-L/usr/local/opt/berkeley-db@4/lib/ CPPFLAGS=-I/usr/local/opt/protobuf@2.6/include/ CPPFLAGS=-I/usr/local/opt/berkeley-db@4/include/ CXXFLAGS=-std=c++11 --with-boost-system=boost_system-mt --with-boost-filesystem=boost_filesystem-mt --with-boost-thread=boost_thread-mt --with-boost_program_options=boost_program_options-mt --with-boost_chrono=boost_chrono-mt --with-boost_random=boost_random-mt --disable-tests --disable-gui-tests --with-gui=qt5 PKG_CONFIG_PATH=/octoin/depends/x86_64-apple-darwin11/lib/pkgconfig --disable-shared --with-pic --with-bignum=no --enable-module-recovery --cache-file=/dev/null --srcdir=.

## --------- ##
## Platform. ##
## --------- ##

hostname = 192.168.1.103
uname -m = x86_64
uname -r = 16.7.0
uname -s = Darwin
uname -v = Darwin Kernel Version 16.7.0: Mon Nov 13 21:56:25 PST 2017; root:xnu-3789.72.11~1/RELEASE_X86_64

/usr/bin/uname -p = i386
/bin/uname -X     = unknown

/bin/arch              = unknown
/usr/bin/arch -k       = unknown
/usr/convex/getsysinfo = unknown
/usr/bin/hostinfo      = Mach kernel version:
	 Darwin Kernel Version 16.7.0: Mon Nov 13 21:56:25 PST 2017; root:xnu-3789.72.11~1/RELEASE_X86_64
Kernel configured for up to 8 processors.
4 processors are physically available.
8 processors are logically available.
Processor type: x86_64h (Intel x86-64h Haswell)
Processors active: 0 1 2 3 4 5 6 7
Primary memory available: 16.00 gigabytes
Default processor set: 501 tasks, 2994 threads, 8 processors
Load average: 2.75, Mach factor: 5.28
/bin/machine           = unknown
/usr/bin/oslevel       = unknown
/bin/universe          = unknown

PATH: /usr/local/opt/berkeley-db@4/bin
PATH: /Users/fish/.rbenv/shims
PATH: /Users/fish/.rvm/gems/ruby-2.4.0/bin
PATH: /Users/fish/.rvm/gems/ruby-2.4.0@global/bin
PATH: /Users/fish/.rvm/rubies/ruby-2.4.0/bin
PATH: /Users/fish/.nvm/versions/node/v7.7.3/bin
PATH: /opt/local/bin
PATH: /opt/local/sbin
PATH: /usr/local/bin
PATH: /usr/bin
PATH: /bin
PATH: /usr/sbin
PATH: /sbin
PATH: /opt/X11/bin
PATH: /Applications/Wireshark.app/Contents/MacOS
PATH: /Users/fish/maven/bin
PATH: /Users/fish/.go/bin
PATH: /usr/local/opt/go/libexec/bin
PATH: /Users/fish/.rvm/bin


## ----------- ##
## Core tests. ##
## ----------- ##

configure:2368: checking build system type
configure:2382: result: x86_64-apple-darwin16.7.0
configure:2402: checking host system type
configure:2415: result: x86_64-apple-darwin16.7.0
configure:2454: checking for a BSD-compatible install
configure:2522: result: /usr/local/bin/ginstall -c
configure:2533: checking whether build environment is sane
configure:2588: result: yes
configure:2739: checking for a thread-safe mkdir -p
configure:2778: result: /usr/local/bin/gmkdir -p
configure:2785: checking for gawk
configure:2801: found /opt/local/bin/gawk
configure:2812: result: gawk
configure:2823: checking whether make sets $(MAKE)
configure:2845: result: yes
configure:2874: checking whether make supports nested variables
configure:2891: result: yes
configure:3063: checking how to print strings
configure:3090: result: printf
configure:3123: checking for style of include used by make
configure:3151: result: GNU
configure:3222: checking for gcc
configure:3238: found /usr/bin/gcc
configure:3249: result: gcc
configure:3478: checking for C compiler version
configure:3487: gcc --version >&5
Apple LLVM version 8.0.0 (clang-800.0.42.1)
Target: x86_64-apple-darwin16.7.0
Thread model: posix
InstalledDir: /Applications/Xcode.app/Contents/Developer/Toolchains/XcodeDefault.xctoolchain/usr/bin
Configured with: --prefix=/Applications/Xcode.app/Contents/Developer/usr --with-gxx-include-dir=/usr/include/c++/4.2.1
configure:3498: $? = 0
configure:3487: gcc -v >&5
Configured with: --prefix=/Applications/Xcode.app/Contents/Developer/usr --with-gxx-include-dir=/usr/include/c++/4.2.1
Apple LLVM version 8.0.0 (clang-800.0.42.1)
Target: x86_64-apple-darwin16.7.0
Thread model: posix
InstalledDir: /Applications/Xcode.app/Contents/Developer/Toolchains/XcodeDefault.xctoolchain/usr/bin
configure:3498: $? = 0
configure:3487: gcc -V >&5
clang: error: argument to '-V' is missing (expected 1 value)
clang: error: no input files
configure:3498: $? = 1
configure:3487: gcc -qversion >&5
clang: error: unknown argument: '-qversion'
clang: error: no input files
configure:3498: $? = 1
configure:3518: checking whether the C compiler works
configure:3540: gcc  -I/usr/local/opt/berkeley-db@4/include/ -L/usr/local/opt/berkeley-db@4/lib/ conftest.c  >&5
configure:3544: $? = 0
configure:3592: result: yes
configure:3595: checking for C compiler default output file name
configure:3597: result: a.out
configure:3603: checking for suffix of executables
configure:3610: gcc -o conftest  -I/usr/local/opt/berkeley-db@4/include/ -L/usr/local/opt/berkeley-db@4/lib/ conftest.c  >&5
configure:3614: $? = 0
configure:3636: result: 
configure:3658: checking whether we are cross compiling
configure:3666: gcc -o conftest  -I/usr/local/opt/berkeley-db@4/include/ -L/usr/local/opt/berkeley-db@4/lib/ conftest.c  >&5
configure:3670: $? = 0
configure:3677: ./conftest
configure:3681: $? = 0
configure:3696: result: no
configure:3701: checking for suffix of object files
configure:3723: gcc -c  -I/usr/local/opt/berkeley-db@4/include/ conftest.c >&5
configure:3727: $? = 0
configure:3748: result: o
configure:3752: checking whether we are using the GNU C compiler
configure:3771: gcc -c  -I/usr/local/opt/berkeley-db@4/include/ conftest.c >&5
configure:3771: $? = 0
configure:3780: result: yes
configure:3789: checking whether gcc accepts -g
configure:3809: gcc -c -g -I/usr/local/opt/berkeley-db@4/include/ conftest.c >&5
configure:3809: $? = 0
configure:3850: result: yes
configure:3867: checking for gcc option to accept ISO C89
configure:3930: gcc  -c -g -O2 -I/usr/local/opt/berkeley-db@4/include/ conftest.c >&5
configure:3930: $? = 0
configure:3943: result: none needed
configure:3968: checking whether gcc understands -c and -o together
configure:3990: gcc -c conftest.c -o conftest2.o
configure:3993: $? = 0
configure:3990: gcc -c conftest.c -o conftest2.o
configure:3993: $? = 0
configure:4005: result: yes
configure:4024: checking dependency style of gcc
configure:4135: result: gcc3
configure:4150: checking for a sed that does not truncate output
configure:4214: result: /usr/bin/sed
configure:4232: checking for grep that handles long lines and -e
configure:4290: result: /usr/bin/grep
configure:4295: checking for egrep
configure:4357: result: /usr/bin/grep -E
configure:4362: checking for fgrep
configure:4424: result: /usr/bin/grep -F
configure:4459: checking for ld used by gcc
configure:4526: result: /Applications/Xcode.app/Contents/Developer/Toolchains/XcodeDefault.xctoolchain/usr/bin/ld
configure:4533: checking if the linker (/Applications/Xcode.app/Contents/Developer/Toolchains/XcodeDefault.xctoolchain/usr/bin/ld) is GNU ld
configure:4548: result: no
configure:4560: checking for BSD- or MS-compatible name lister (nm)
configure:4614: result: /usr/bin/nm -B
configure:4744: checking the name lister (/usr/bin/nm -B) interface
configure:4751: gcc -c -g -O2 -I/usr/local/opt/berkeley-db@4/include/ conftest.c >&5
configure:4754: /usr/bin/nm -B "conftest.o"
configure:4757: output
000000000000020c S _some_variable
configure:4764: result: BSD nm
configure:4767: checking whether ln -s works
configure:4771: result: yes
configure:4779: checking the maximum length of command line arguments
configure:4910: result: 196608
configure:4958: checking how to convert x86_64-apple-darwin16.7.0 file names to x86_64-apple-darwin16.7.0 format
configure:4998: result: func_convert_file_noop
configure:5005: checking how to convert x86_64-apple-darwin16.7.0 file names to toolchain format
configure:5025: result: func_convert_file_noop
configure:5032: checking for /Applications/Xcode.app/Contents/Developer/Toolchains/XcodeDefault.xctoolchain/usr/bin/ld option to reload object files
configure:5039: result: -r
configure:5113: checking for objdump
configure:5129: found /usr/bin/objdump
configure:5140: result: objdump
configure:5172: checking how to recognize dependent libraries
configure:5372: result: pass_all
configure:5457: checking for dlltool
configure:5487: result: no
configure:5517: checking how to associate runtime and link libraries
configure:5544: result: printf %s\n
configure:5605: checking for ar
configure:5621: found /usr/bin/ar
configure:5632: result: ar
configure:5669: checking for archiver @FILE support
configure:5686: gcc -c -g -O2 -I/usr/local/opt/berkeley-db@4/include/ conftest.c >&5
configure:5686: $? = 0
configure:5689: ar cru libconftest.a @conftest.lst >&5
ar: @conftest.lst: No such file or directory
configure:5692: $? = 1
configure:5712: result: no
configure:5770: checking for strip
configure:5786: found /usr/bin/strip
configure:5797: result: strip
configure:5869: checking for ranlib
configure:5885: found /usr/bin/ranlib
configure:5896: result: ranlib
configure:5998: checking command to parse /usr/bin/nm -B output from gcc object
configure:6151: gcc -c -g -O2 -I/usr/local/opt/berkeley-db@4/include/ conftest.c >&5
configure:6154: $? = 0
configure:6158: /usr/bin/nm -B conftest.o \| sed -n -e 's/^.*[ ]\([BCDEGRST][BCDEGRST]*\)[ ][ ]*\([_A-Za-z][_A-Za-z0-9]*\)$/\1 \2 \2/p' | sed '/ __gnu_lto/d' \> conftest.nm
configure:6161: $? = 0
cannot find nm_test_var in conftest.nm
configure:6151: gcc -c -g -O2 -I/usr/local/opt/berkeley-db@4/include/ conftest.c >&5
configure:6154: $? = 0
configure:6158: /usr/bin/nm -B conftest.o \| sed -n -e 's/^.*[ ]\([BCDEGRST][BCDEGRST]*\)[ ][ ]*_\([_A-Za-z][_A-Za-z0-9]*\)$/\1 _\2 \2/p' | sed '/ __gnu_lto/d' \> conftest.nm
configure:6161: $? = 0
configure:6227: gcc -o conftest -g -O2 -I/usr/local/opt/berkeley-db@4/include/ -L/usr/local/opt/berkeley-db@4/lib/ conftest.c conftstm.o >&5
warning: (x86_64)  could not find object file symbol for symbol _main
configure:6230: $? = 0
configure:6268: result: ok
configure:6315: checking for sysroot
configure:6345: result: no
configure:6352: checking for a working dd
configure:6390: result: /bin/dd
configure:6394: checking how to truncate binary pipes
configure:6409: result: /bin/dd bs=4096 count=1
configure:6738: checking for mt
configure:6768: result: no
configure:6788: checking if : is a manifest tool
configure:6794: : '-?'
configure:6802: result: no
configure:6858: checking for dsymutil
configure:6874: found /usr/bin/dsymutil
configure:6885: result: dsymutil
configure:6950: checking for nmedit
configure:6966: found /usr/bin/nmedit
configure:6977: result: nmedit
configure:7042: checking for lipo
configure:7058: found /usr/bin/lipo
configure:7069: result: lipo
configure:7134: checking for otool
configure:7150: found /usr/bin/otool
configure:7161: result: otool
configure:7226: checking for otool64
configure:7256: result: no
configure:7301: checking for -single_module linker flag
gcc -g -O2 -L/usr/local/opt/berkeley-db@4/lib/ -o libconftest.dylib -dynamiclib -Wl,-single_module conftest.c
configure:7334: result: yes
configure:7337: checking for -exported_symbols_list linker flag
configure:7357: gcc -o conftest -g -O2 -I/usr/local/opt/berkeley-db@4/include/ -L/usr/local/opt/berkeley-db@4/lib/ -Wl,-exported_symbols_list,conftest.sym conftest.c  >&5
configure:7357: $? = 0
configure:7367: result: yes
configure:7370: checking for -force_load linker flag
gcc -g -O2 -c -o conftest.o conftest.c
ar cru libconftest.a conftest.o
ranlib libconftest.a
gcc -g -O2 -L/usr/local/opt/berkeley-db@4/lib/ -o conftest conftest.c -Wl,-force_load,./libconftest.a
configure:7402: result: yes
configure:7479: checking how to run the C preprocessor
configure:7510: gcc -E -I/usr/local/opt/berkeley-db@4/include/ conftest.c
configure:7510: $? = 0
configure:7524: gcc -E -I/usr/local/opt/berkeley-db@4/include/ conftest.c
conftest.c:11:10: fatal error: 'ac_nonexistent.h' file not found
#include <ac_nonexistent.h>
         ^
1 error generated.
configure:7524: $? = 1
configure: failed program was:
| /* confdefs.h */
| #define PACKAGE_NAME "libsecp256k1"
| #define PACKAGE_TARNAME "libsecp256k1"
| #define PACKAGE_VERSION "0.1"
| #define PACKAGE_STRING "libsecp256k1 0.1"
| #define PACKAGE_BUGREPORT ""
| #define PACKAGE_URL ""
| #define PACKAGE "libsecp256k1"
| #define VERSION "0.1"
| /* end confdefs.h.  */
| #include <ac_nonexistent.h>
configure:7549: result: gcc -E
configure:7569: gcc -E -I/usr/local/opt/berkeley-db@4/include/ conftest.c
configure:7569: $? = 0
configure:7583: gcc -E -I/usr/local/opt/berkeley-db@4/include/ conftest.c
conftest.c:11:10: fatal error: 'ac_nonexistent.h' file not found
#include <ac_nonexistent.h>
         ^
1 error generated.
configure:7583: $? = 1
configure: failed program was:
| /* confdefs.h */
| #define PACKAGE_NAME "libsecp256k1"
| #define PACKAGE_TARNAME "libsecp256k1"
| #define PACKAGE_VERSION "0.1"
| #define PACKAGE_STRING "libsecp256k1 0.1"
| #define PACKAGE_BUGREPORT ""
| #define PACKAGE_URL ""
| #define PACKAGE "libsecp256k1"
| #define VERSION "0.1"
| /* end confdefs.h.  */
| #include <ac_nonexistent.h>
configure:7612: checking for ANSI C header files
configure:7632: gcc -c -g -O2 -I/usr/local/opt/berkeley-db@4/include/ conftest.c >&5
configure:7632: $? = 0
configure:7705: gcc -o conftest -g -O2 -I/usr/local/opt/berkeley-db@4/include/ -L/usr/local/opt/berkeley-db@4/lib/ conftest.c  >&5
configure:7705: $? = 0
configure:7705: ./conftest
configure:7705: $? = 0
configure:7716: result: yes
configure:7729: checking for sys/types.h
configure:7729: gcc -c -g -O2 -I/usr/local/opt/berkeley-db@4/include/ conftest.c >&5
configure:7729: $? = 0
configure:7729: result: yes
configure:7729: checking for sys/stat.h
configure:7729: gcc -c -g -O2 -I/usr/local/opt/berkeley-db@4/include/ conftest.c >&5
configure:7729: $? = 0
configure:7729: result: yes
configure:7729: checking for stdlib.h
configure:7729: gcc -c -g -O2 -I/usr/local/opt/berkeley-db@4/include/ conftest.c >&5
configure:7729: $? = 0
configure:7729: result: yes
configure:7729: checking for string.h
configure:7729: gcc -c -g -O2 -I/usr/local/opt/berkeley-db@4/include/ conftest.c >&5
configure:7729: $? = 0
configure:7729: result: yes
configure:7729: checking for memory.h
configure:7729: gcc -c -g -O2 -I/usr/local/opt/berkeley-db@4/include/ conftest.c >&5
configure:7729: $? = 0
configure:7729: result: yes
configure:7729: checking for strings.h
configure:7729: gcc -c -g -O2 -I/usr/local/opt/berkeley-db@4/include/ conftest.c >&5
configure:7729: $? = 0
configure:7729: result: yes
configure:7729: checking for inttypes.h
configure:7729: gcc -c -g -O2 -I/usr/local/opt/berkeley-db@4/include/ conftest.c >&5
configure:7729: $? = 0
configure:7729: result: yes
configure:7729: checking for stdint.h
configure:7729: gcc -c -g -O2 -I/usr/local/opt/berkeley-db@4/include/ conftest.c >&5
configure:7729: $? = 0
configure:7729: result: yes
configure:7729: checking for unistd.h
configure:7729: gcc -c -g -O2 -I/usr/local/opt/berkeley-db@4/include/ conftest.c >&5
configure:7729: $? = 0
configure:7729: result: yes
configure:7743: checking for dlfcn.h
configure:7743: gcc -c -g -O2 -I/usr/local/opt/berkeley-db@4/include/ conftest.c >&5
configure:7743: $? = 0
configure:7743: result: yes
configure:7999: checking for objdir
configure:8014: result: .libs
configure:8278: checking if gcc supports -fno-rtti -fno-exceptions
configure:8296: gcc -c -g -O2 -I/usr/local/opt/berkeley-db@4/include/ -fno-rtti -fno-exceptions conftest.c >&5
configure:8300: $? = 0
configure:8313: result: yes
configure:8671: checking for gcc option to produce PIC
configure:8678: result: -fno-common -DPIC
configure:8686: checking if gcc PIC flag -fno-common -DPIC works
configure:8704: gcc -c -g -O2 -I/usr/local/opt/berkeley-db@4/include/ -fno-common -DPIC -DPIC conftest.c >&5
configure:8708: $? = 0
configure:8721: result: yes
configure:8750: checking if gcc static flag -static works
configure:8778: result: no
configure:8793: checking if gcc supports -c -o file.o
configure:8814: gcc -c -g -O2 -I/usr/local/opt/berkeley-db@4/include/ -o out/conftest2.o conftest.c >&5
configure:8818: $? = 0
configure:8840: result: yes
configure:8848: checking if gcc supports -c -o file.o
configure:8895: result: yes
configure:8928: checking whether the gcc linker (/Applications/Xcode.app/Contents/Developer/Toolchains/XcodeDefault.xctoolchain/usr/bin/ld) supports shared libraries
configure:10187: result: yes
configure:10427: checking dynamic linker characteristics
configure:11245: result: darwin16.7.0 dyld
configure:11367: checking how to hardcode library paths into programs
configure:11392: result: immediate
configure:11940: checking whether stripping libraries is possible
configure:11954: result: yes
configure:11980: checking if libtool supports shared libraries
configure:11982: result: yes
configure:11985: checking whether to build shared libraries
configure:12010: result: no
configure:12013: checking whether to build static libraries
configure:12017: result: yes
configure:12066: checking whether make supports nested variables
configure:12083: result: yes
configure:12149: checking for pkg-config
configure:12167: found /opt/local/bin/pkg-config
configure:12179: result: /opt/local/bin/pkg-config
configure:12204: checking pkg-config is at least version 0.9.0
configure:12207: result: yes
configure:12262: checking for ar
configure:12280: found /usr/bin/ar
configure:12292: result: /usr/bin/ar
configure:12360: checking for ranlib
configure:12378: found /usr/bin/ranlib
configure:12390: result: /usr/bin/ranlib
configure:12458: checking for strip
configure:12476: found /usr/bin/strip
configure:12488: result: /usr/bin/strip
configure:12566: checking for gcc
configure:12582: found /usr/bin/gcc
configure:12593: result: gcc
configure:12822: checking for C compiler version
configure:12831: gcc --version >&5
Apple LLVM version 8.0.0 (clang-800.0.42.1)
Target: x86_64-apple-darwin16.7.0
Thread model: posix
InstalledDir: /Applications/Xcode.app/Contents/Developer/Toolchains/XcodeDefault.xctoolchain/usr/bin
Configured with: --prefix=/Applications/Xcode.app/Contents/Developer/usr --with-gxx-include-dir=/usr/include/c++/4.2.1
configure:12842: $? = 0
configure:12831: gcc -v >&5
Configured with: --prefix=/Applications/Xcode.app/Contents/Developer/usr --with-gxx-include-dir=/usr/include/c++/4.2.1
Apple LLVM version 8.0.0 (clang-800.0.42.1)
Target: x86_64-apple-darwin16.7.0
Thread model: posix
InstalledDir: /Applications/Xcode.app/Contents/Developer/Toolchains/XcodeDefault.xctoolchain/usr/bin
configure:12842: $? = 0
configure:12831: gcc -V >&5
clang: error: argument to '-V' is missing (expected 1 value)
clang: error: no input files
configure:12842: $? = 1
configure:12831: gcc -qversion >&5
clang: error: unknown argument: '-qversion'
clang: error: no input files
configure:12842: $? = 1
configure:12846: checking whether we are using the GNU C compiler
configure:12874: result: yes
configure:12883: checking whether gcc accepts -g
configure:12903: gcc -c -g -O2 -I/usr/local/opt/berkeley-db@4/include/ conftest.c >&5
configure:12903: $? = 0
configure:12944: result: yes
configure:12961: checking for gcc option to accept ISO C89
configure:13037: result: none needed
configure:13062: checking whether gcc understands -c and -o together
configure:13099: result: yes
configure:13118: checking dependency style of gcc
configure:13229: result: gcc3
configure:13249: checking how to run the C preprocessor
configure:13280: gcc -E -I/usr/local/opt/berkeley-db@4/include/ conftest.c
configure:13280: $? = 0
configure:13294: gcc -E -I/usr/local/opt/berkeley-db@4/include/ conftest.c
conftest.c:23:10: fatal error: 'ac_nonexistent.h' file not found
#include <ac_nonexistent.h>
         ^
1 error generated.
configure:13294: $? = 1
configure: failed program was:
| /* confdefs.h */
| #define PACKAGE_NAME "libsecp256k1"
| #define PACKAGE_TARNAME "libsecp256k1"
| #define PACKAGE_VERSION "0.1"
| #define PACKAGE_STRING "libsecp256k1 0.1"
| #define PACKAGE_BUGREPORT ""
| #define PACKAGE_URL ""
| #define PACKAGE "libsecp256k1"
| #define VERSION "0.1"
| #define STDC_HEADERS 1
| #define HAVE_SYS_TYPES_H 1
| #define HAVE_SYS_STAT_H 1
| #define HAVE_STDLIB_H 1
| #define HAVE_STRING_H 1
| #define HAVE_MEMORY_H 1
| #define HAVE_STRINGS_H 1
| #define HAVE_INTTYPES_H 1
| #define HAVE_STDINT_H 1
| #define HAVE_UNISTD_H 1
| #define HAVE_DLFCN_H 1
| #define LT_OBJDIR ".libs/"
| /* end confdefs.h.  */
| #include <ac_nonexistent.h>
configure:13319: result: gcc -E
configure:13339: gcc -E -I/usr/local/opt/berkeley-db@4/include/ conftest.c
configure:13339: $? = 0
configure:13353: gcc -E -I/usr/local/opt/berkeley-db@4/include/ conftest.c
conftest.c:23:10: fatal error: 'ac_nonexistent.h' file not found
#include <ac_nonexistent.h>
         ^
1 error generated.
configure:13353: $? = 1
configure: failed program was:
| /* confdefs.h */
| #define PACKAGE_NAME "libsecp256k1"
| #define PACKAGE_TARNAME "libsecp256k1"
| #define PACKAGE_VERSION "0.1"
| #define PACKAGE_STRING "libsecp256k1 0.1"
| #define PACKAGE_BUGREPORT ""
| #define PACKAGE_URL ""
| #define PACKAGE "libsecp256k1"
| #define VERSION "0.1"
| #define STDC_HEADERS 1
| #define HAVE_SYS_TYPES_H 1
| #define HAVE_SYS_STAT_H 1
| #define HAVE_STDLIB_H 1
| #define HAVE_STRING_H 1
| #define HAVE_MEMORY_H 1
| #define HAVE_STRINGS_H 1
| #define HAVE_INTTYPES_H 1
| #define HAVE_STDINT_H 1
| #define HAVE_UNISTD_H 1
| #define HAVE_DLFCN_H 1
| #define LT_OBJDIR ".libs/"
| /* end confdefs.h.  */
| #include <ac_nonexistent.h>
configure:13397: checking for gcc option to accept ISO C89
configure:13473: result: none needed
configure:13497: checking for brew
configure:13515: found /usr/local/bin/brew
configure:13527: result: /usr/local/bin/brew
configure:13602: checking if gcc supports -std=c89 -pedantic -Wall -Wextra -Wcast-align -Wnested-externs -Wshadow -Wstrict-prototypes -Wno-unused-function -Wno-long-long -Wno-overlength-strings
configure:13608: gcc -c -g -O2 -W -std=c89 -pedantic -Wall -Wextra -Wcast-align -Wnested-externs -Wshadow -Wstrict-prototypes -Wno-unused-function -Wno-long-long -Wno-overlength-strings -I/usr/local/opt/berkeley-db@4/include/ conftest.c >&5
configure:13608: $? = 0
configure:13609: result: yes
configure:13621: checking if gcc supports -fvisibility=hidden
configure:13627: gcc -c -g -O2 -W -std=c89 -pedantic -Wall -Wextra -Wcast-align -Wnested-externs -Wshadow -Wstrict-prototypes -Wno-unused-function -Wno-long-long -Wno-overlength-strings -fvisibility=hidden -I/usr/local/opt/berkeley-db@4/include/ conftest.c >&5
configure:13627: $? = 0
configure:13628: result: yes
configure:13730: checking for __int128
configure:13730: gcc -c -g -O2 -W -std=c89 -pedantic -Wall -Wextra -Wcast-align -Wnested-externs -Wshadow -Wstrict-prototypes -Wno-unused-function -Wno-long-long -Wno-overlength-strings -fvisibility=hidden -I/usr/local/opt/berkeley-db@4/include/ conftest.c >&5
configure:13730: $? = 0
configure:13730: gcc -c -g -O2 -W -std=c89 -pedantic -Wall -Wextra -Wcast-align -Wnested-externs -Wshadow -Wstrict-prototypes -Wno-unused-function -Wno-long-long -Wno-overlength-strings -fvisibility=hidden -I/usr/local/opt/berkeley-db@4/include/ conftest.c >&5
conftest.c:59:23: error: expected expression
if (sizeof ((__int128)))
                      ^
1 error generated.
configure:13730: $? = 1
configure: failed program was:
| /* confdefs.h */
| #define PACKAGE_NAME "libsecp256k1"
| #define PACKAGE_TARNAME "libsecp256k1"
| #define PACKAGE_VERSION "0.1"
| #define PACKAGE_STRING "libsecp256k1 0.1"
| #define PACKAGE_BUGREPORT ""
| #define PACKAGE_URL ""
| #define PACKAGE "libsecp256k1"
| #define VERSION "0.1"
| #define STDC_HEADERS 1
| #define HAVE_SYS_TYPES_H 1
| #define HAVE_SYS_STAT_H 1
| #define HAVE_STDLIB_H 1
| #define HAVE_STRING_H 1
| #define HAVE_MEMORY_H 1
| #define HAVE_STRINGS_H 1
| #define HAVE_INTTYPES_H 1
| #define HAVE_STDINT_H 1
| #define HAVE_UNISTD_H 1
| #define HAVE_DLFCN_H 1
| #define LT_OBJDIR ".libs/"
| /* end confdefs.h.  */
| #include <stdio.h>
| #ifdef HAVE_SYS_TYPES_H
| # include <sys/types.h>
| #endif
| #ifdef HAVE_SYS_STAT_H
| # include <sys/stat.h>
| #endif
| #ifdef STDC_HEADERS
| # include <stdlib.h>
| # include <stddef.h>
| #else
| # ifdef HAVE_STDLIB_H
| #  include <stdlib.h>
| # endif
| #endif
| #ifdef HAVE_STRING_H
| # if !defined STDC_HEADERS && defined HAVE_MEMORY_H
| #  include <memory.h>
| # endif
| # include <string.h>
| #endif
| #ifdef HAVE_STRINGS_H
| # include <strings.h>
| #endif
| #ifdef HAVE_INTTYPES_H
| # include <inttypes.h>
| #endif
| #ifdef HAVE_STDINT_H
| # include <stdint.h>
| #endif
| #ifdef HAVE_UNISTD_H
| # include <unistd.h>
| #endif
| int
| main ()
| {
| if (sizeof ((__int128)))
| 	    return 0;
|   ;
|   return 0;
| }
configure:13730: result: yes
configure:13741: checking for __builtin_expect
configure:13747: gcc -c -g -O2 -W -std=c89 -pedantic -Wall -Wextra -Wcast-align -Wnested-externs -Wshadow -Wstrict-prototypes -Wno-unused-function -Wno-long-long -Wno-overlength-strings -fvisibility=hidden -I/usr/local/opt/berkeley-db@4/include/ conftest.c >&5
conftest.c:24:16: warning: ignoring return value of function declared with const attribute [-Wunused-value]
void myfunc() {__builtin_expect(0,0);}
               ^~~~~~~~~~~~~~~~ ~~~
1 warning generated.
configure:13747: $? = 0
configure:13748: result: yes
configure:13761: checking for x86_64 assembly availability
configure:13778: gcc -c -g -O2 -W -std=c89 -pedantic -Wall -Wextra -Wcast-align -Wnested-externs -Wshadow -Wstrict-prototypes -Wno-unused-function -Wno-long-long -Wno-overlength-strings -fvisibility=hidden -I/usr/local/opt/berkeley-db@4/include/ conftest.c >&5
conftest.c:32:93: warning: variable 'tmp' is uninitialized when used here [-Wuninitialized]
  __asm__ __volatile__("movq SECP_64BIT_ASM_CHECKx100000000,%1; mulq %%rsi" : "+a"(a) : "S"(tmp) : "cc", "%rdx");
                                                                                            ^~~
conftest.c:31:23: note: initialize the variable 'tmp' to silence this warning
  uint64_t a = 11, tmp;
                      ^
                       = 0
fatal error: error in backend: 32-bit absolute addressing is not supported in 64-bit mode
configure:13778: $? = 1
configure: failed program was:
| /* confdefs.h */
| #define PACKAGE_NAME "libsecp256k1"
| #define PACKAGE_TARNAME "libsecp256k1"
| #define PACKAGE_VERSION "0.1"
| #define PACKAGE_STRING "libsecp256k1 0.1"
| #define PACKAGE_BUGREPORT ""
| #define PACKAGE_URL ""
| #define PACKAGE "libsecp256k1"
| #define VERSION "0.1"
| #define STDC_HEADERS 1
| #define HAVE_SYS_TYPES_H 1
| #define HAVE_SYS_STAT_H 1
| #define HAVE_STDLIB_H 1
| #define HAVE_STRING_H 1
| #define HAVE_MEMORY_H 1
| #define HAVE_STRINGS_H 1
| #define HAVE_INTTYPES_H 1
| #define HAVE_STDINT_H 1
| #define HAVE_UNISTD_H 1
| #define HAVE_DLFCN_H 1
| #define LT_OBJDIR ".libs/"
| #define HAVE___INT128 1
| #define HAVE_BUILTIN_EXPECT 1
| /* end confdefs.h.  */
| 
|   #include <stdint.h>
| int
| main ()
| {
| 
|   uint64_t a = 11, tmp;
|   __asm__ __volatile__("movq SECP_64BIT_ASM_CHECKx100000000,%1; mulq %%rsi" : "+a"(a) : "S"(tmp) : "cc", "%rdx");
| 
|   ;
|   return 0;
| }
configure:13784: result: no
configure:14371: checking whether byte ordering is bigendian
configure:14386: gcc -c -g -O2 -W -std=c89 -pedantic -Wall -Wextra -Wcast-align -Wnested-externs -Wshadow -Wstrict-prototypes -Wno-unused-function -Wno-long-long -Wno-overlength-strings -fvisibility=hidden -I/usr/local/opt/berkeley-db@4/include/ conftest.c >&5
configure:14386: $? = 0
configure:14431: gcc -c -g -O2 -W -std=c89 -pedantic -Wall -Wextra -Wcast-align -Wnested-externs -Wshadow -Wstrict-prototypes -Wno-unused-function -Wno-long-long -Wno-overlength-strings -fvisibility=hidden -I/usr/local/opt/berkeley-db@4/include/ conftest.c >&5
configure:14431: $? = 0
configure:14449: gcc -c -g -O2 -W -std=c89 -pedantic -Wall -Wextra -Wcast-align -Wnested-externs -Wshadow -Wstrict-prototypes -Wno-unused-function -Wno-long-long -Wno-overlength-strings -fvisibility=hidden -I/usr/local/opt/berkeley-db@4/include/ conftest.c >&5
conftest.c:39:4: error: use of undeclared identifier 'not'
                 not big endian
                 ^
1 error generated.
configure:14449: $? = 1
configure: failed program was:
| /* confdefs.h */
| #define PACKAGE_NAME "libsecp256k1"
| #define PACKAGE_TARNAME "libsecp256k1"
| #define PACKAGE_VERSION "0.1"
| #define PACKAGE_STRING "libsecp256k1 0.1"
| #define PACKAGE_BUGREPORT ""
| #define PACKAGE_URL ""
| #define PACKAGE "libsecp256k1"
| #define VERSION "0.1"
| #define STDC_HEADERS 1
| #define HAVE_SYS_TYPES_H 1
| #define HAVE_SYS_STAT_H 1
| #define HAVE_STDLIB_H 1
| #define HAVE_STRING_H 1
| #define HAVE_MEMORY_H 1
| #define HAVE_STRINGS_H 1
| #define HAVE_INTTYPES_H 1
| #define HAVE_STDINT_H 1
| #define HAVE_UNISTD_H 1
| #define HAVE_DLFCN_H 1
| #define LT_OBJDIR ".libs/"
| #define HAVE___INT128 1
| #define HAVE_BUILTIN_EXPECT 1
| #define USE_FIELD_5X52 1
| #define USE_NUM_NONE 1
| #define USE_FIELD_INV_BUILTIN 1
| #define USE_SCALAR_INV_BUILTIN 1
| #define USE_SCALAR_4X64 1
| #define USE_ECMULT_STATIC_PRECOMPUTATION 1
| #define ENABLE_MODULE_RECOVERY 1
| /* end confdefs.h.  */
| #include <sys/types.h>
| 		#include <sys/param.h>
| 
| int
| main ()
| {
| #if BYTE_ORDER != BIG_ENDIAN
| 		 not big endian
| 		#endif
| 
|   ;
|   return 0;
| }
configure:14577: result: no
configure:14596: Using assembly optimizations: no
configure:14598: Using field implementation: 64bit
configure:14600: Using bignum implementation: no
configure:14602: Using scalar implementation: 64bit
configure:14604: Using endomorphism optimizations: no
configure:14606: Building ECDH module: no
configure:14609: Building Schnorr signatures module: no
configure:14611: Building ECDSA pubkey recovery module: yes
configure:14784: checking that generated files are newer than configure
configure:14790: result: done
configure:14842: creating ./config.status

## ---------------------- ##
## Running config.status. ##
## ---------------------- ##

This file was extended by libsecp256k1 config.status 0.1, which was
generated by GNU Autoconf 2.69.  Invocation command line was

  CONFIG_FILES    = 
  CONFIG_HEADERS  = 
  CONFIG_LINKS    = 
  CONFIG_COMMANDS = 
  $ ./config.status 

on 192.168.1.103

config.status:1122: creating Makefile
config.status:1122: creating libsecp256k1.pc
config.status:1122: creating src/libsecp256k1-config.h
config.status:1303: src/libsecp256k1-config.h is unchanged
config.status:1351: executing depfiles commands
config.status:1351: executing libtool commands

## ---------------- ##
## Cache variables. ##
## ---------------- ##

ac_cv_build=x86_64-apple-darwin16.7.0
ac_cv_build_prog_CPP='gcc -E'
ac_cv_build_prog_cc_g=yes
ac_cv_c_bigendian=no
ac_cv_c_compiler_gnu=yes
ac_cv_env_CC_set=
ac_cv_env_CC_value=
ac_cv_env_CFLAGS_set=
ac_cv_env_CFLAGS_value=
ac_cv_env_CPPFLAGS_set=set
ac_cv_env_CPPFLAGS_value=-I/usr/local/opt/berkeley-db@4/include/
ac_cv_env_CPP_set=
ac_cv_env_CPP_value=
ac_cv_env_CRYPTO_CFLAGS_set=
ac_cv_env_CRYPTO_CFLAGS_value=
ac_cv_env_CRYPTO_LIBS_set=
ac_cv_env_CRYPTO_LIBS_value=
ac_cv_env_LDFLAGS_set=set
ac_cv_env_LDFLAGS_value=-L/usr/local/opt/berkeley-db@4/lib/
ac_cv_env_LIBS_set=
ac_cv_env_LIBS_value=
ac_cv_env_LT_SYS_LIBRARY_PATH_set=
ac_cv_env_LT_SYS_LIBRARY_PATH_value=
ac_cv_env_PKG_CONFIG_LIBDIR_set=
ac_cv_env_PKG_CONFIG_LIBDIR_value=
ac_cv_env_PKG_CONFIG_PATH_set=set
ac_cv_env_PKG_CONFIG_PATH_value=/octoin/depends/x86_64-apple-darwin11/lib/pkgconfig
ac_cv_env_PKG_CONFIG_set=
ac_cv_env_PKG_CONFIG_value=
ac_cv_env_build_alias_set=
ac_cv_env_build_alias_value=
ac_cv_env_host_alias_set=
ac_cv_env_host_alias_value=
ac_cv_env_target_alias_set=
ac_cv_env_target_alias_value=
ac_cv_header_dlfcn_h=yes
ac_cv_header_inttypes_h=yes
ac_cv_header_memory_h=yes
ac_cv_header_stdc=yes
ac_cv_header_stdint_h=yes
ac_cv_header_stdlib_h=yes
ac_cv_header_string_h=yes
ac_cv_header_strings_h=yes
ac_cv_header_sys_stat_h=yes
ac_cv_header_sys_types_h=yes
ac_cv_header_unistd_h=yes
ac_cv_host=x86_64-apple-darwin16.7.0
ac_cv_objext=o
ac_cv_path_BREW=/usr/local/bin/brew
ac_cv_path_EGREP='/usr/bin/grep -E'
ac_cv_path_FGREP='/usr/bin/grep -F'
ac_cv_path_GREP=/usr/bin/grep
ac_cv_path_SED=/usr/bin/sed
ac_cv_path_ac_pt_AR=/usr/bin/ar
ac_cv_path_ac_pt_PKG_CONFIG=/opt/local/bin/pkg-config
ac_cv_path_ac_pt_RANLIB=/usr/bin/ranlib
ac_cv_path_ac_pt_STRIP=/usr/bin/strip
ac_cv_path_install='/usr/local/bin/ginstall -c'
ac_cv_path_lt_DD=/bin/dd
ac_cv_path_mkdir=/usr/local/bin/gmkdir
ac_cv_prog_AWK=gawk
ac_cv_prog_CPP='gcc -E'
ac_cv_prog_ac_ct_AR=ar
ac_cv_prog_ac_ct_CC=gcc
ac_cv_prog_ac_ct_CC_FOR_BUILD=gcc
ac_cv_prog_ac_ct_DSYMUTIL=dsymutil
ac_cv_prog_ac_ct_LIPO=lipo
ac_cv_prog_ac_ct_NMEDIT=nmedit
ac_cv_prog_ac_ct_OBJDUMP=objdump
ac_cv_prog_ac_ct_OTOOL=otool
ac_cv_prog_ac_ct_RANLIB=ranlib
ac_cv_prog_ac_ct_STRIP=strip
ac_cv_prog_cc_c89=
ac_cv_prog_cc_g=yes
ac_cv_prog_make_make_set=yes
ac_cv_type___int128=yes
am_cv_CC_dependencies_compiler_type=gcc3
am_cv_make_support_nested_variables=yes
am_cv_prog_cc_c_o=yes
lt_cv_apple_cc_single_mod=yes
lt_cv_ar_at_file=no
lt_cv_deplibs_check_method=pass_all
lt_cv_file_magic_cmd='$MAGIC_CMD'
lt_cv_file_magic_test_file=
lt_cv_ld_exported_symbols_list=yes
lt_cv_ld_force_load=yes
lt_cv_ld_reload_flag=-r
lt_cv_nm_interface='BSD nm'
lt_cv_objdir=.libs
lt_cv_path_LD=/Applications/Xcode.app/Contents/Developer/Toolchains/XcodeDefault.xctoolchain/usr/bin/ld
lt_cv_path_NM='/usr/bin/nm -B'
lt_cv_path_mainfest_tool=no
lt_cv_prog_compiler_c_o=yes
lt_cv_prog_compiler_pic='-fno-common -DPIC'
lt_cv_prog_compiler_pic_works=yes
lt_cv_prog_compiler_rtti_exceptions=yes
lt_cv_prog_compiler_static_works=no
lt_cv_prog_gnu_ld=no
lt_cv_sharedlib_from_linklib_cmd='printf %s\n'
lt_cv_sys_global_symbol_pipe='sed -n -e '\''s/^.*[	 ]\([BCDEGRST][BCDEGRST]*\)[	 ][	 ]*_\([_A-Za-z][_A-Za-z0-9]*\)$/\1 _\2 \2/p'\'' | sed '\''/ __gnu_lto/d'\'''
lt_cv_sys_global_symbol_to_c_name_address='sed -n -e '\''s/^: \(.*\) .*$/  {"\1", (void *) 0},/p'\'' -e '\''s/^[BCDEGRST][BCDEGRST]* .* \(.*\)$/  {"\1", (void *) \&\1},/p'\'''
lt_cv_sys_global_symbol_to_c_name_address_lib_prefix='sed -n -e '\''s/^: \(.*\) .*$/  {"\1", (void *) 0},/p'\'' -e '\''s/^[BCDEGRST][BCDEGRST]* .* \(lib.*\)$/  {"\1", (void *) \&\1},/p'\'' -e '\''s/^[BCDEGRST][BCDEGRST]* .* \(.*\)$/  {"lib\1", (void *) \&\1},/p'\'''
lt_cv_sys_global_symbol_to_cdecl='sed -n -e '\''s/^T .* \(.*\)$/extern int \1();/p'\'' -e '\''s/^[BCDEGRST][BCDEGRST]* .* \(.*\)$/extern char \1;/p'\'''
lt_cv_sys_global_symbol_to_import=
lt_cv_sys_max_cmd_len=196608
lt_cv_to_host_file_cmd=func_convert_file_noop
lt_cv_to_tool_file_cmd=func_convert_file_noop
lt_cv_truncate_bin='/bin/dd bs=4096 count=1'

## ----------------- ##
## Output variables. ##
## ----------------- ##

ACLOCAL='${SHELL} /Users/fish/Projects/octoin/build_osx/octoin/src/secp256k1/build-aux/missing aclocal-1.15'
AMDEPBACKSLASH='\'
AMDEP_FALSE='#'
AMDEP_TRUE=''
AMTAR='$${TAR-tar}'
AM_BACKSLASH='\'
AM_DEFAULT_V='$(AM_DEFAULT_VERBOSITY)'
AM_DEFAULT_VERBOSITY='0'
AM_V='$(V)'
AR='/usr/bin/ar'
AUTOCONF='${SHELL} /Users/fish/Projects/octoin/build_osx/octoin/src/secp256k1/build-aux/missing autoconf'
AUTOHEADER='${SHELL} /Users/fish/Projects/octoin/build_osx/octoin/src/secp256k1/build-aux/missing autoheader'
AUTOMAKE='${SHELL} /Users/fish/Projects/octoin/build_osx/octoin/src/secp256k1/build-aux/missing automake-1.15'
AWK='gawk'
BREW='/usr/local/bin/brew'
BUILD_EXEEXT=''
BUILD_OBJEXT=''
CC='gcc'
CCDEPMODE='depmode=gcc3'
CC_FOR_BUILD='gcc'
CFLAGS='-g -O2 -W -std=c89 -pedantic -Wall -Wextra -Wcast-align -Wnested-externs -Wshadow -Wstrict-prototypes -Wno-unused-function -Wno-long-long -Wno-overlength-strings -fvisibility=hidden'
CFLAGS_FOR_BUILD='-g -O2'
CPP='gcc -E'
CPPFLAGS='-I/usr/local/opt/berkeley-db@4/include/'
CPPFLAGS_FOR_BUILD=''
CPP_FOR_BUILD='gcc -E'
CRYPTO_CFLAGS=''
CRYPTO_LIBS=''
CYGPATH_W='echo'
DEFS='-DHAVE_CONFIG_H'
DEPDIR='.deps'
DLLTOOL='false'
DSYMUTIL='dsymutil'
DUMPBIN=''
ECHO_C='\c'
ECHO_N=''
ECHO_T=''
EGREP='/usr/bin/grep -E'
ENABLE_MODULE_ECDH_FALSE=''
ENABLE_MODULE_ECDH_TRUE='#'
ENABLE_MODULE_RECOVERY_FALSE='#'
ENABLE_MODULE_RECOVERY_TRUE=''
ENABLE_MODULE_SCHNORR_FALSE=''
ENABLE_MODULE_SCHNORR_TRUE='#'
EXEEXT=''
FGREP='/usr/bin/grep -F'
GREP='/usr/bin/grep'
INSTALL_DATA='${INSTALL} -m 644'
INSTALL_PROGRAM='${INSTALL}'
INSTALL_SCRIPT='${INSTALL}'
INSTALL_STRIP_PROGRAM='$(install_sh) -c -s'
LD='/Applications/Xcode.app/Contents/Developer/Toolchains/XcodeDefault.xctoolchain/usr/bin/ld'
LDFLAGS='-L/usr/local/opt/berkeley-db@4/lib/'
LDFLAGS_FOR_BUILD=''
LIBOBJS=''
LIBS=''
LIBTOOL='$(SHELL) $(top_builddir)/libtool'
LIPO='lipo'
LN_S='ln -s'
LTLIBOBJS=''
LT_SYS_LIBRARY_PATH=''
MAKEINFO='${SHELL} /Users/fish/Projects/octoin/build_osx/octoin/src/secp256k1/build-aux/missing makeinfo'
MANIFEST_TOOL=':'
MKDIR_P='/usr/local/bin/gmkdir -p'
NM='/usr/bin/nm -B'
NMEDIT='nmedit'
OBJDUMP='objdump'
OBJEXT='o'
OTOOL64=':'
OTOOL='otool'
PACKAGE='libsecp256k1'
PACKAGE_BUGREPORT=''
PACKAGE_NAME='libsecp256k1'
PACKAGE_STRING='libsecp256k1 0.1'
PACKAGE_TARNAME='libsecp256k1'
PACKAGE_URL=''
PACKAGE_VERSION='0.1'
PATH_SEPARATOR=':'
PKG_CONFIG='/opt/local/bin/pkg-config'
PKG_CONFIG_LIBDIR=''
PKG_CONFIG_PATH='/usr/local/opt/openssl/lib/pkgconfig:/octoin/depends/x86_64-apple-darwin11/lib/pkgconfig'
PORT=''
RANLIB='/usr/bin/ranlib'
SECP_INCLUDES=''
SECP_LIBS=''
SECP_TEST_INCLUDES=''
SECP_TEST_LIBS=''
SED='/usr/bin/sed'
SET_MAKE=''
SHELL='/bin/sh'
STRIP='/usr/bin/strip'
USE_BENCHMARK_FALSE=''
USE_BENCHMARK_TRUE='#'
USE_ECMULT_STATIC_PRECOMPUTATION_FALSE='#'
USE_ECMULT_STATIC_PRECOMPUTATION_TRUE=''
USE_TESTS_FALSE=''
USE_TESTS_TRUE='#'
VERSION='0.1'
ac_ct_AR='ar'
ac_ct_CC='gcc'
ac_ct_CC_FOR_BUILD='gcc'
ac_ct_DUMPBIN=''
am__EXEEXT_FALSE=''
am__EXEEXT_TRUE='#'
am__fastdepCC_FALSE='#'
am__fastdepCC_TRUE=''
am__include='include'
am__isrc=''
am__leading_dot='.'
am__nodep='_no'
am__quote=''
am__tar='$${TAR-tar} chof - "$$tardir"'
am__untar='$${TAR-tar} xf -'
bindir='${exec_prefix}/bin'
build='x86_64-apple-darwin16.7.0'
build_alias=''
build_cpu='x86_64'
build_os='darwin16.7.0'
build_vendor='apple'
datadir='${datarootdir}'
datarootdir='${prefix}/share'
docdir='${datarootdir}/doc/${PACKAGE_TARNAME}'
dvidir='${docdir}'
exec_prefix='${prefix}'
host='x86_64-apple-darwin16.7.0'
host_alias=''
host_cpu='x86_64'
host_os='darwin16.7.0'
host_vendor='apple'
htmldir='${docdir}'
includedir='${prefix}/include'
infodir='${datarootdir}/info'
install_sh='${SHELL} /Users/fish/Projects/octoin/build_osx/octoin/src/secp256k1/build-aux/install-sh'
libdir='${exec_prefix}/lib'
libexecdir='${exec_prefix}/libexec'
localedir='${datarootdir}/locale'
localstatedir='${prefix}/var'
mandir='${datarootdir}/man'
mkdir_p='$(MKDIR_P)'
oldincludedir='/usr/include'
pdfdir='${docdir}'
prefix='/usr/local'
program_transform_name='s,x,x,'
psdir='${docdir}'
sbindir='${exec_prefix}/sbin'
sharedstatedir='${prefix}/com'
sysconfdir='${prefix}/etc'
target_alias=''

## ----------- ##
## confdefs.h. ##
## ----------- ##

/* confdefs.h */
#define PACKAGE_NAME "libsecp256k1"
#define PACKAGE_TARNAME "libsecp256k1"
#define PACKAGE_VERSION "0.1"
#define PACKAGE_STRING "libsecp256k1 0.1"
#define PACKAGE_BUGREPORT ""
#define PACKAGE_URL ""
#define PACKAGE "libsecp256k1"
#define VERSION "0.1"
#define STDC_HEADERS 1
#define HAVE_SYS_TYPES_H 1
#define HAVE_SYS_STAT_H 1
#define HAVE_STDLIB_H 1
#define HAVE_STRING_H 1
#define HAVE_MEMORY_H 1
#define HAVE_STRINGS_H 1
#define HAVE_INTTYPES_H 1
#define HAVE_STDINT_H 1
#define HAVE_UNISTD_H 1
#define HAVE_DLFCN_H 1
#define LT_OBJDIR ".libs/"
#define HAVE___INT128 1
#define HAVE_BUILTIN_EXPECT 1
#define USE_FIELD_5X52 1
#define USE_NUM_NONE 1
#define USE_FIELD_INV_BUILTIN 1
#define USE_SCALAR_INV_BUILTIN 1
#define USE_SCALAR_4X64 1
#define USE_ECMULT_STATIC_PRECOMPUTATION 1
#define ENABLE_MODULE_RECOVERY 1

configure: exit 0
